⨯ Another next dev server is already running.

- Local:        http://localhost:3003
- PID:          4179
- Dir:          /Users/paologuidi/Documents/pro-fattibilita
- Log:          .next/dev/logs/next-development.log

Run kill 4179 to stop it.
⨯ Another next dev server is already running.

- Local:        http://localhost:3003
- PID:          4179
- Dir:          /Users/paologuidi/Documents/pro-fattibilita
- Log:          .next/dev/logs/next-development.log

Run kill 4179 to stop it.
⨯ Another next dev server is already running.

- Local:        http://localhost:3003
- PID:          4179
- Dir:          /Users/paologuidi/Documents/pro-fattibilita
- Log:          .next/dev/logs/next-development.log

Run kill 4179 to stop it.
⨯ Another next dev server is already running.

- Local:        http://localhost:3003
- PID:          4179
- Dir:          /Users/paologuidi/Documents/pro-fattibilita
- Log:          .next/dev/logs/next-development.log

Run kill 4179 to stop it.
⨯ Another next dev server is already running.

- Local:        http://localhost:3003
- PID:          4179
- Dir:          /Users/paologuidi/Documents/pro-fattibilita
- Log:          .next/dev/logs/next-development.log

Run kill 4179 to stop it.
⨯ Another next dev server is already running.

- Local:        http://localhost:3003
- PID:          4179
- Dir:          /Users/paologuidi/Documents/pro-fattibilita
- Log:          .next/dev/logs/next-development.log

Run kill 4179 to stop it.
⨯ Another next dev server is already running.

- Local:        http://localhost:3003
- PID:          4179
- Dir:          /Users/paologuidi/Documents/pro-fattibilita
- Log:          .next/dev/logs/next-development.log

Run kill 4179 to stop it.
⨯ Another next dev server is already running.

- Local:        http://localhost:3003
- PID:          4179
- Dir:          /Users/paologuidi/Documents/pro-fattibilita
- Log:          .next/dev/logs/next-development.log

Run kill 4179 to stop it.
⨯ Another next dev server is already running.

- Local:        http://localhost:3003
- PID:          4179
- Dir:          /Users/paologuidi/Documents/pro-fattibilita
- Log:          .next/dev/logs/next-development.log

Run kill 4179 to stop it.
⨯ Another next dev server is already running.

- Local:        http://localhost:3003
- PID:          4179
- Dir:          /Users/paologuidi/Documents/pro-fattibilita
- Log:          .next/dev/logs/next-development.log

Run kill 4179 to stop it.
⨯ Another next dev server is already running.

- Local:        http://localhost:3003
- PID:          4179
- Dir:          /Users/paologuidi/Documents/pro-fattibilita
- Log:          .next/dev/logs/next-development.log

Run kill 4179 to stop it.
⨯ Another next dev server is already running.

- Local:        http://localhost:3003
- PID:          4179
- Dir:          /Users/paologuidi/Documents/pro-fattibilita
- Log:          .next/dev/logs/next-development.log

Run kill 4179 to stop it.
⨯ Another next dev server is already running.

- Local:        http://localhost:3003
- PID:          4179
- Dir:          /Users/paologuidi/Documents/pro-fattibilita
- Log:          .next/dev/logs/next-development.log

Run kill 4179 to stop it.
⨯ Another next dev server is already running.

- Local:        http://localhost:3003
- PID:          4179
- Dir:          /Users/paologuidi/Documents/pro-fattibilita
- Log:          .next/dev/logs/next-development.log

Run kill 4179 to stop it.
⨯ Another next dev server is already running.

- Local:        http://localhost:3003
- PID:          4179
- Dir:          /Users/paologuidi/Documents/pro-fattibilita
- Log:          .next/dev/logs/next-development.log

Run kill 4179 to stop it.
⨯ Another next dev server is already running.

- Local:        http://localhost:3003
- PID:          4179
- Dir:          /Users/paologuidi/Documents/pro-fattibilita
- Log:          .next/dev/logs/next-development.log

Run kill 4179 to stop it.
⨯ Another next dev server is already running.

- Local:        http://localhost:3003
- PID:          4179
- Dir:          /Users/paologuidi/Documents/pro-fattibilita
- Log:          .next/dev/logs/next-development.log

Run kill 4179 to stop it.
⨯ Another next dev server is already running.

- Local:        http://localhost:3003
- PID:          4179
- Dir:          /Users/paologuidi/Documents/pro-fattibilita
- Log:          .next/dev/logs/next-development.log

Run kill 4179 to stop it.
